<?xml version="1.0" encoding="UTF-8"?>
<!-- Generated by org.testng.reporters.JUnitReportReporter -->
<testsuite skipped="0" hostname="Wilberth" name="com.class01.test" tests="3" failures="0" timestamp="29 May 2019 01:17:49 GMT" time="0.008" errors="0">
  <testcase name="testDemo" time="0.000" classname="com.class01.test"/>
  <testcase name="a" time="0.007" classname="com.class01.test"/>
  <testcase name="b" time="0.001" classname="com.class01.test"/>
</testsuite> <!-- com.class01.test -->
