<?xml version="1.0" encoding="UTF-8"?>
<!-- Generated by org.testng.reporters.JUnitReportReporter -->
<testsuite skipped="0" hostname="Wilberth" name="com.class02.priority" tests="5" failures="0" timestamp="30 May 2019 23:05:21 GMT" time="0.011" errors="0">
  <testcase name="first" time="0.007" classname="com.class02.priority"/>
  <testcase name="second" time="0.001" classname="com.class02.priority"/>
  <testcase name="third" time="0.001" classname="com.class02.priority"/>
  <testcase name="fourth" time="0.001" classname="com.class02.priority"/>
  <testcase name="fifth" time="0.001" classname="com.class02.priority"/>
</testsuite> <!-- com.class02.priority -->
