<?xml version="1.0" encoding="UTF-8"?>
<!-- Generated by org.testng.reporters.JUnitReportReporter -->
<testsuite skipped="0" hostname="Wilberth" name="com.class01.beforeAndAfterMethod" tests="2" failures="0" timestamp="29 May 2019 01:30:45 GMT" time="0.009" errors="0">
  <testcase name="testMethodTwo" time="0.002" classname="com.class01.beforeAndAfterMethod"/>
  <testcase name="testMethodOne" time="0.007" classname="com.class01.beforeAndAfterMethod"/>
</testsuite> <!-- com.class01.beforeAndAfterMethod -->
